[     964ms] [INFO] %cDownload the React DevTools for a better development experience: https://react.dev/link/react-devtools font-weight:bold @ http://localhost:3000/_next/static/chunks/0r9g_next_dist_0gdr-x8._.js:2431
[    1179ms] [LOG] [HMR] connected @ http://localhost:3000/_next/static/chunks/0r9g_next_dist_0gdr-x8._.js:2431
[    1348ms] [LOG] [Fast Refresh] rebuilding @ http://localhost:3000/_next/static/chunks/0r9g_next_dist_0gdr-x8._.js:2431
[    1429ms] [LOG] [Fast Refresh] done in 189ms @ http://localhost:3000/_next/static/chunks/0r9g_next_dist_0gdr-x8._.js:2431
[   52671ms] [ERROR] Failed to load resource: the server responded with a status of 500 (Internal Server Error) @ http://localhost:3001/api/purchase:0
[   60105ms] [LOG] [Fast Refresh] rebuilding @ http://localhost:3000/_next/static/chunks/0r9g_next_dist_0gdr-x8._.js:2431
[   60797ms] [LOG] [Fast Refresh] done in 804ms @ http://localhost:3000/_next/static/chunks/0r9g_next_dist_0gdr-x8._.js:2431
[  114846ms] [ERROR] Failed to load resource: the server responded with a status of 500 (Internal Server Error) @ http://localhost:3001/api/purchase:0
[  227937ms] [ERROR] %o

%s TypeError: Cannot read properties of null (reading 'startsWith')
    at PixPayment (http://localhost:3000/_next/static/chunks/frontend_src_01l761f._.js:555:38)
    at Object.react_stack_bottom_frame (http://localhost:3000/_next/static/chunks/0r9g_next_dist_compiled_react-dom_08_6uy3._.js:15037:24)
    at renderWithHooks (http://localhost:3000/_next/static/chunks/0r9g_next_dist_compiled_react-dom_08_6uy3._.js:4620:24)
    at updateFunctionComponent (http://localhost:3000/_next/static/chunks/0r9g_next_dist_compiled_react-dom_08_6uy3._.js:6081:21)
    at beginWork (http://localhost:3000/_next/static/chunks/0r9g_next_dist_compiled_react-dom_08_6uy3._.js:6691:24)
    at runWithFiberInDEV (http://localhost:3000/_next/static/chunks/0r9g_next_dist_compiled_react-dom_08_6uy3._.js:965:74)
    at performUnitOfWork (http://localhost:3000/_next/static/chunks/0r9g_next_dist_compiled_react-dom_08_6uy3._.js:9555:97)
    at workLoopSync (http://localhost:3000/_next/static/chunks/0r9g_next_dist_compiled_react-dom_08_6uy3._.js:9449:40)
    at renderRootSync (http://localhost:3000/_next/static/chunks/0r9g_next_dist_compiled_react-dom_08_6uy3._.js:9433:13)
    at performWorkOnRoot (http://localhost:3000/_next/static/chunks/0r9g_next_dist_compiled_react-dom_08_6uy3._.js:9098:47)
    at performSyncWorkOnRoot (http://localhost:3000/_next/static/chunks/0r9g_next_dist_compiled_react-dom_08_6uy3._.js:10263:9)
    at flushSyncWorkAcrossRoots_impl (http://localhost:3000/_next/static/chunks/0r9g_next_dist_compiled_react-dom_08_6uy3._.js:10179:316)
    at processRootScheduleInMicrotask (http://localhost:3000/_next/static/chunks/0r9g_next_dist_compiled_react-dom_08_6uy3._.js:10200:106)
    at http://localhost:3000/_next/static/chunks/0r9g_next_dist_compiled_react-dom_08_6uy3._.js:10274:158 The above error occurred in the <PixPayment> component. It was handled by the <ErrorBoundary> error boundary. @ http://localhost:3000/_next/static/chunks/0r9g_next_dist_client_12gpkjl._.js:1998
[  227943ms] [ERROR] ErrorBoundary caught: TypeError: Cannot read properties of null (reading 'startsWith')
    at PixPayment (http://localhost:3000/_next/static/chunks/frontend_src_01l761f._.js:555:38)
    at Object.react_stack_bottom_frame (http://localhost:3000/_next/static/chunks/0r9g_next_dist_compiled_react-dom_08_6uy3._.js:15037:24)
    at renderWithHooks (http://localhost:3000/_next/static/chunks/0r9g_next_dist_compiled_react-dom_08_6uy3._.js:4620:24)
    at updateFunctionComponent (http://localhost:3000/_next/static/chunks/0r9g_next_dist_compiled_react-dom_08_6uy3._.js:6081:21)
    at beginWork (http://localhost:3000/_next/static/chunks/0r9g_next_dist_compiled_react-dom_08_6uy3._.js:6691:24)
    at runWithFiberInDEV (http://localhost:3000/_next/static/chunks/0r9g_next_dist_compiled_react-dom_08_6uy3._.js:965:74)
    at performUnitOfWork (http://localhost:3000/_next/static/chunks/0r9g_next_dist_compiled_react-dom_08_6uy3._.js:9555:97)
    at workLoopSync (http://localhost:3000/_next/static/chunks/0r9g_next_dist_compiled_react-dom_08_6uy3._.js:9449:40)
    at renderRootSync (http://localhost:3000/_next/static/chunks/0r9g_next_dist_compiled_react-dom_08_6uy3._.js:9433:13)
    at performWorkOnRoot (http://localhost:3000/_next/static/chunks/0r9g_next_dist_compiled_react-dom_08_6uy3._.js:9098:47)
    at performSyncWorkOnRoot (http://localhost:3000/_next/static/chunks/0r9g_next_dist_compiled_react-dom_08_6uy3._.js:10263:9)
    at flushSyncWorkAcrossRoots_impl (http://localhost:3000/_next/static/chunks/0r9g_next_dist_compiled_react-dom_08_6uy3._.js:10179:316)
    at processRootScheduleInMicrotask (http://localhost:3000/_next/static/chunks/0r9g_next_dist_compiled_react-dom_08_6uy3._.js:10200:106)
    at http://localhost:3000/_next/static/chunks/0r9g_next_dist_compiled_react-dom_08_6uy3._.js:10274:158 {componentStack: 
    at PixPayment (http://localhost:3000/_next/st…unks/0r9g_next_dist_client_12gpkjl._.js:15096:17)} @ http://localhost:3000/_next/static/chunks/0r9g_next_dist_0gdr-x8._.js:3272
[  228115ms] [LOG] [Fast Refresh] rebuilding @ http://localhost:3000/_next/static/chunks/0r9g_next_dist_0gdr-x8._.js:2431
[  228448ms] [LOG] [Fast Refresh] done in 436ms @ http://localhost:3000/_next/static/chunks/0r9g_next_dist_0gdr-x8._.js:2431
[  254616ms] [LOG] [Fast Refresh] rebuilding @ http://localhost:3000/_next/static/chunks/0r9g_next_dist_0gdr-x8._.js:2431
[  256948ms] [LOG] [Fast Refresh] done in 2435ms @ http://localhost:3000/_next/static/chunks/0r9g_next_dist_0gdr-x8._.js:2431
[  257065ms] [LOG] [Fast Refresh] rebuilding @ http://localhost:3000/_next/static/chunks/0r9g_next_dist_0gdr-x8._.js:2431
[  257168ms] [LOG] [Fast Refresh] done in 206ms @ http://localhost:3000/_next/static/chunks/0r9g_next_dist_0gdr-x8._.js:2431
[  264135ms] [ERROR] Cannot update a component (`%s`) while rendering a different component (`%s`). To locate the bad setState() call inside `%s`, follow the stack trace as described in https://react.dev/link/setstate-in-render Router CheckoutPage CheckoutPage @ http://localhost:3000/_next/static/chunks/0r9g_next_dist_0gdr-x8._.js:3272
[  290417ms] [LOG] [Fast Refresh] rebuilding @ http://localhost:3000/_next/static/chunks/0r9g_next_dist_0gdr-x8._.js:2431
[  291645ms] [LOG] [Fast Refresh] done in 1343ms @ http://localhost:3000/_next/static/chunks/0r9g_next_dist_0gdr-x8._.js:2431
