[     487ms] [INFO] %cDownload the React DevTools for a better development experience: https://react.dev/link/react-devtools font-weight:bold @ http://localhost:3000/_next/static/chunks/0r9g_next_dist_0gdr-x8._.js:2431
[     601ms] [LOG] [HMR] connected @ http://localhost:3000/_next/static/chunks/0r9g_next_dist_0gdr-x8._.js:2431
[  684526ms] [LOG] [Fast Refresh] rebuilding @ http://localhost:3000/_next/static/chunks/0r9g_next_dist_0gdr-x8._.js:2431
[  684710ms] [LOG] [Fast Refresh] done in 262ms @ http://localhost:3000/_next/static/chunks/0r9g_next_dist_0gdr-x8._.js:2431
[  687595ms] [LOG] [Fast Refresh] rebuilding @ http://localhost:3000/_next/static/chunks/0r9g_next_dist_0gdr-x8._.js:2431
[  687742ms] [ERROR] %s a style property during rerender (%s) when a conflicting property is set (%s) can lead to styling bugs. To avoid this, don't mix shorthand and non-shorthand properties for the same value; instead, replace the shorthand with separate values. Updating background backgroundSize @ http://localhost:3000/_next/static/chunks/0r9g_next_dist_0gdr-x8._.js:3272
[  688127ms] [LOG] [Fast Refresh] done in 241ms @ http://localhost:3000/_next/static/chunks/0r9g_next_dist_0gdr-x8._.js:2431
[  707745ms] [LOG] [Fast Refresh] rebuilding @ http://localhost:3000/_next/static/chunks/0r9g_next_dist_0gdr-x8._.js:2431
[  707903ms] [LOG] [Fast Refresh] done in 237ms @ http://localhost:3000/_next/static/chunks/0r9g_next_dist_0gdr-x8._.js:2431
[  708014ms] [LOG] [Fast Refresh] rebuilding @ http://localhost:3000/_next/static/chunks/0r9g_next_dist_0gdr-x8._.js:2431
[  708216ms] [LOG] [Fast Refresh] done in 307ms @ http://localhost:3000/_next/static/chunks/0r9g_next_dist_0gdr-x8._.js:2431
[  708335ms] [LOG] [Fast Refresh] rebuilding @ http://localhost:3000/_next/static/chunks/0r9g_next_dist_0gdr-x8._.js:2431
[  708344ms] [LOG] [Fast Refresh] done in 112ms @ http://localhost:3000/_next/static/chunks/0r9g_next_dist_0gdr-x8._.js:2431
[  715659ms] [LOG] [Fast Refresh] rebuilding @ http://localhost:3000/_next/static/chunks/0r9g_next_dist_0gdr-x8._.js:2431
[  715899ms] [LOG] [Fast Refresh] done in 111ms @ http://localhost:3000/_next/static/chunks/0r9g_next_dist_0gdr-x8._.js:2431
[  739562ms] [LOG] [Fast Refresh] rebuilding @ http://localhost:3000/_next/static/chunks/0r9g_next_dist_0gdr-x8._.js:2431
[  739843ms] [LOG] [Fast Refresh] done in 126ms @ http://localhost:3000/_next/static/chunks/0r9g_next_dist_0gdr-x8._.js:2431
[  749928ms] [LOG] [Fast Refresh] rebuilding @ http://localhost:3000/_next/static/chunks/0r9g_next_dist_0gdr-x8._.js:2431
[  750108ms] [LOG] [Fast Refresh] done in 70ms @ http://localhost:3000/_next/static/chunks/0r9g_next_dist_0gdr-x8._.js:2431
[  761372ms] [LOG] [Fast Refresh] rebuilding @ http://localhost:3000/_next/static/chunks/0r9g_next_dist_0gdr-x8._.js:2431
[  761502ms] [LOG] [Fast Refresh] done in 45ms @ http://localhost:3000/_next/static/chunks/0r9g_next_dist_0gdr-x8._.js:2431
[  770712ms] [LOG] [Fast Refresh] rebuilding @ http://localhost:3000/_next/static/chunks/0r9g_next_dist_0gdr-x8._.js:2431
[  770741ms] [LOG] [Fast Refresh] done in 106ms @ http://localhost:3000/_next/static/chunks/0r9g_next_dist_0gdr-x8._.js:2431
[  770849ms] [LOG] [Fast Refresh] rebuilding @ http://localhost:3000/_next/static/chunks/0r9g_next_dist_0gdr-x8._.js:2431
[  771253ms] [LOG] [Fast Refresh] done in 506ms @ http://localhost:3000/_next/static/chunks/0r9g_next_dist_0gdr-x8._.js:2431
[  777888ms] [LOG] [Fast Refresh] rebuilding @ http://localhost:3000/_next/static/chunks/0r9g_next_dist_0gdr-x8._.js:2431
[  778127ms] [LOG] [Fast Refresh] done in 101ms @ http://localhost:3000/_next/static/chunks/0r9g_next_dist_0gdr-x8._.js:2431
[  782473ms] [LOG] [Fast Refresh] rebuilding @ http://localhost:3000/_next/static/chunks/0r9g_next_dist_0gdr-x8._.js:2431
[  782851ms] [LOG] [Fast Refresh] done in 192ms @ http://localhost:3000/_next/static/chunks/0r9g_next_dist_0gdr-x8._.js:2431
[  789361ms] [LOG] [Fast Refresh] rebuilding @ http://localhost:3000/_next/static/chunks/0r9g_next_dist_0gdr-x8._.js:2431
[  789544ms] [LOG] [Fast Refresh] done in 71ms @ http://localhost:3000/_next/static/chunks/0r9g_next_dist_0gdr-x8._.js:2431
[  799189ms] [LOG] [Fast Refresh] rebuilding @ http://localhost:3000/_next/static/chunks/0r9g_next_dist_0gdr-x8._.js:2431
[  799606ms] [LOG] [Fast Refresh] done in 169ms @ http://localhost:3000/_next/static/chunks/0r9g_next_dist_0gdr-x8._.js:2431
[  804115ms] [LOG] [Fast Refresh] rebuilding @ http://localhost:3000/_next/static/chunks/0r9g_next_dist_0gdr-x8._.js:2431
[  804366ms] [LOG] [Fast Refresh] done in 90ms @ http://localhost:3000/_next/static/chunks/0r9g_next_dist_0gdr-x8._.js:2431
[  821850ms] [LOG] [Fast Refresh] rebuilding @ http://localhost:3000/_next/static/chunks/0r9g_next_dist_0gdr-x8._.js:2431
[  822059ms] [LOG] [Fast Refresh] done in 85ms @ http://localhost:3000/_next/static/chunks/0r9g_next_dist_0gdr-x8._.js:2431
[  836641ms] [LOG] [Fast Refresh] rebuilding @ http://localhost:3000/_next/static/chunks/0r9g_next_dist_0gdr-x8._.js:2431
[  836904ms] [LOG] [Fast Refresh] done in 84ms @ http://localhost:3000/_next/static/chunks/0r9g_next_dist_0gdr-x8._.js:2431
[  844159ms] [LOG] [Fast Refresh] rebuilding @ http://localhost:3000/_next/static/chunks/0r9g_next_dist_0gdr-x8._.js:2431
[  844426ms] [LOG] [Fast Refresh] done in 67ms @ http://localhost:3000/_next/static/chunks/0r9g_next_dist_0gdr-x8._.js:2431
[  872082ms] [LOG] [Fast Refresh] rebuilding @ http://localhost:3000/_next/static/chunks/0r9g_next_dist_0gdr-x8._.js:2431
[  872134ms] [LOG] [Fast Refresh] done in 118ms @ http://localhost:3000/_next/static/chunks/0r9g_next_dist_0gdr-x8._.js:2431
