[     203ms] [LOG] [Fast Refresh] rebuilding @ http://localhost:3000/_next/static/chunks/0r9g_next_dist_0gdr-x8._.js:2431
[    1707ms] [LOG] [Fast Refresh] done in 1605ms @ http://localhost:3000/_next/static/chunks/0r9g_next_dist_0gdr-x8._.js:2431
[    1800ms] [INFO] %cDownload the React DevTools for a better development experience: https://react.dev/link/react-devtools font-weight:bold @ http://localhost:3000/_next/static/chunks/0r9g_next_dist_0gdr-x8._.js:2431
[    1827ms] [LOG] [HMR] connected @ http://localhost:3000/_next/static/chunks/0r9g_next_dist_0gdr-x8._.js:2431
[    1871ms] [ERROR] Cannot update a component (`%s`) while rendering a different component (`%s`). To locate the bad setState() call inside `%s`, follow the stack trace as described in https://react.dev/link/setstate-in-render Router CheckoutPage CheckoutPage @ http://localhost:3000/_next/static/chunks/0r9g_next_dist_0gdr-x8._.js:3272
[    1946ms] [LOG] [Fast Refresh] rebuilding @ http://localhost:3000/_next/static/chunks/0r9g_next_dist_0gdr-x8._.js:2431
[    2055ms] [LOG] [Fast Refresh] done in 212ms @ http://localhost:3000/_next/static/chunks/0r9g_next_dist_0gdr-x8._.js:2431
[    2176ms] Error: Hydration failed because the server rendered HTML didn't match the client. As a result this tree will be regenerated on the client. This can happen if a SSR-ed Client Component used:

- A server/client branch `if (typeof window !== 'undefined')`.
- Variable input such as `Date.now()` or `Math.random()` which changes each time it's called.
- Date formatting in a user's locale which doesn't match the server.
- External changing data without sending a snapshot of it along with the HTML.
- Invalid HTML tag nesting.

It can also happen if the client has a browser extension installed which messes with the HTML before React loaded.

https://react.dev/link/hydration-mismatch

  ...
    <RenderFromTemplateContext>
      <ScrollAndMaybeFocusHandler cacheNode={{rsc:Promise, ...}}>
        <InnerScrollAndFocusHandlerOld focusAndScrollRef={{...}} cacheNode={{rsc:Promise, ...}}>
          <ErrorBoundary errorComponent={undefined} errorStyles={undefined} errorScripts={undefined}>
            <LoadingBoundary name="/" loading={null}>
              <HTTPAccessFallbackBoundary notFound={{...}} forbidden={undefined} unauthorized={undefined}>
                <HTTPAccessFallbackErrorBoundary pathname="/" notFound={{...}} forbidden={undefined} ...>
                  <RedirectBoundary>
                    <RedirectErrorBoundary router={{...}}>
                      <InnerLayoutRouter url="/" tree={[...]} params={{}} cacheNode={{rsc:Promise, ...}} ...>
                        <SegmentViewNode type="page" pagePath="page.tsx">
                          <SegmentTrieNode>
                          <ClientPageRoot Component={function Home} serverProvidedParams={{...}}>
                            <Home params={Promise} searchParams={Promise}>
+                             <div className="min-h-screen flex items-center justify-center">
-                             <Suspense>
                        ...
                      ...
          ...

    at throwOnHydrationMismatch (http://localhost:3000/_next/static/chunks/0r9g_next_dist_compiled_react-dom_08_6uy3._.js:3318:56)
    at beginWork (http://localhost:3000/_next/static/chunks/0r9g_next_dist_compiled_react-dom_08_6uy3._.js:6758:918)
    at runWithFiberInDEV (http://localhost:3000/_next/static/chunks/0r9g_next_dist_compiled_react-dom_08_6uy3._.js:965:74)
    at performUnitOfWork (http://localhost:3000/_next/static/chunks/0r9g_next_dist_compiled_react-dom_08_6uy3._.js:9555:97)
    at workLoopConcurrentByScheduler (http://localhost:3000/_next/static/chunks/0r9g_next_dist_compiled_react-dom_08_6uy3._.js:9551:58)
    at renderRootConcurrent (http://localhost:3000/_next/static/chunks/0r9g_next_dist_compiled_react-dom_08_6uy3._.js:9534:71)
    at performWorkOnRoot (http://localhost:3000/_next/static/chunks/0r9g_next_dist_compiled_react-dom_08_6uy3._.js:9061:150)
    at performWorkOnRootViaSchedulerTask (http://localhost:3000/_next/static/chunks/0r9g_next_dist_compiled_react-dom_08_6uy3._.js:10255:9)
    at MessagePort.performWorkUntilDeadline (http://localhost:3000/_next/static/chunks/0r9g_next_dist_compiled_0op9aht._.js:2647:64)
[   25914ms] [LOG] [Fast Refresh] rebuilding @ http://localhost:3000/_next/static/chunks/0r9g_next_dist_0gdr-x8._.js:2431
[   26092ms] [LOG] [Fast Refresh] done in 88ms @ http://localhost:3000/_next/static/chunks/0r9g_next_dist_0gdr-x8._.js:2431
[   33329ms] [LOG] [Fast Refresh] rebuilding @ http://localhost:3000/_next/static/chunks/0r9g_next_dist_0gdr-x8._.js:2431
[   33506ms] [LOG] [Fast Refresh] done in 83ms @ http://localhost:3000/_next/static/chunks/0r9g_next_dist_0gdr-x8._.js:2431
