[     112ms] [LOG] [Fast Refresh] rebuilding @ http://localhost:3000/_next/static/chunks/0r9g_next_dist_0gdr-x8._.js:2431
[     636ms] [LOG] [Fast Refresh] done in 625ms @ http://localhost:3000/_next/static/chunks/0r9g_next_dist_0gdr-x8._.js:2431
[     670ms] [VERBOSE] [DOM] Input elements should have autocomplete attributes (suggested: "current-password"): (More info: https://goo.gl/9p2vKq) %o @ http://localhost:3000/ctrl-sp:0
[     714ms] [INFO] %cDownload the React DevTools for a better development experience: https://react.dev/link/react-devtools font-weight:bold @ http://localhost:3000/_next/static/chunks/0r9g_next_dist_0gdr-x8._.js:2431
[     741ms] [LOG] [HMR] connected @ http://localhost:3000/_next/static/chunks/0r9g_next_dist_0gdr-x8._.js:2431
[ 1146733ms] [ERROR] Access to fetch at 'http://localhost:3001/api/master/gateway/override' from origin 'http://localhost:3000' has been blocked by CORS policy: Method PUT is not allowed by Access-Control-Allow-Methods in preflight response. @ http://localhost:3000/ctrl-sp:0
[ 1146734ms] [ERROR] Failed to load resource: net::ERR_FAILED @ http://localhost:3001/api/master/gateway/override:0
[ 8548483ms] [LOG] [Fast Refresh] rebuilding @ http://localhost:3000/_next/static/chunks/0r9g_next_dist_0gdr-x8._.js:2431
[ 8548536ms] [LOG] [Fast Refresh] done in 158ms @ http://localhost:3000/_next/static/chunks/0r9g_next_dist_0gdr-x8._.js:2431
[ 8548591ms] [VERBOSE] [DOM] Input elements should have autocomplete attributes (suggested: "current-password"): (More info: https://goo.gl/9p2vKq) %o @ http://localhost:3000/ctrl-sp:0
[ 8548633ms] [INFO] %cDownload the React DevTools for a better development experience: https://react.dev/link/react-devtools font-weight:bold @ http://localhost:3000/_next/static/chunks/0r9g_next_dist_0gdr-x8._.js:2431
[ 8548670ms] [LOG] [HMR] connected @ http://localhost:3000/_next/static/chunks/0r9g_next_dist_0gdr-x8._.js:2431
[ 8550574ms] [VERBOSE] [DOM] Input elements should have autocomplete attributes (suggested: "current-password"): (More info: https://goo.gl/9p2vKq) %o @ http://localhost:3000/ctrl-sp:0
[ 8550584ms] [INFO] %cDownload the React DevTools for a better development experience: https://react.dev/link/react-devtools font-weight:bold @ http://localhost:3000/_next/static/chunks/0r9g_next_dist_0gdr-x8._.js:2431
[ 8550599ms] [LOG] [HMR] connected @ http://localhost:3000/_next/static/chunks/0r9g_next_dist_0gdr-x8._.js:2431
[ 8553958ms] [LOG] [Fast Refresh] rebuilding @ http://localhost:3000/_next/static/chunks/0r9g_next_dist_0gdr-x8._.js:2431
[ 8553985ms] [LOG] [Fast Refresh] done in 142ms @ http://localhost:3000/_next/static/chunks/0r9g_next_dist_0gdr-x8._.js:2431
[ 8554040ms] [INFO] %cDownload the React DevTools for a better development experience: https://react.dev/link/react-devtools font-weight:bold @ http://localhost:3000/_next/static/chunks/0r9g_next_dist_0gdr-x8._.js:2431
[ 8554067ms] [LOG] [HMR] connected @ http://localhost:3000/_next/static/chunks/0r9g_next_dist_0gdr-x8._.js:2431
[ 9215766ms] [LOG] [Fast Refresh] rebuilding @ http://localhost:3000/_next/static/chunks/0r9g_next_dist_0gdr-x8._.js:2431
[ 9216078ms] [LOG] [Fast Refresh] done in 368ms @ http://localhost:3000/_next/static/chunks/0r9g_next_dist_0gdr-x8._.js:2431
[ 9216191ms] [LOG] [Fast Refresh] rebuilding @ http://localhost:3000/_next/static/chunks/0r9g_next_dist_0gdr-x8._.js:2431
[ 9216271ms] [LOG] [Fast Refresh] done in 183ms @ http://localhost:3000/_next/static/chunks/0r9g_next_dist_0gdr-x8._.js:2431
[ 9216497ms] [LOG] [Fast Refresh] rebuilding @ http://localhost:3000/_next/static/chunks/0r9g_next_dist_0gdr-x8._.js:2431
[ 9216566ms] [LOG] [Fast Refresh] done in 170ms @ http://localhost:3000/_next/static/chunks/0r9g_next_dist_0gdr-x8._.js:2431
[ 9246582ms] [LOG] [Fast Refresh] rebuilding @ http://localhost:3000/_next/static/chunks/0r9g_next_dist_0gdr-x8._.js:2431
[ 9247762ms] [LOG] [Fast Refresh] done in 1277ms @ http://localhost:3000/_next/static/chunks/0r9g_next_dist_0gdr-x8._.js:2431
[ 9247870ms] [LOG] [Fast Refresh] rebuilding @ http://localhost:3000/_next/static/chunks/0r9g_next_dist_0gdr-x8._.js:2431
[ 9247947ms] [LOG] [Fast Refresh] done in 181ms @ http://localhost:3000/_next/static/chunks/0r9g_next_dist_0gdr-x8._.js:2431
[ 9498374ms] [LOG] [Fast Refresh] rebuilding @ http://localhost:3000/_next/static/chunks/0r9g_next_dist_0gdr-x8._.js:2431
[ 9498571ms] [LOG] [Fast Refresh] done in 71ms @ http://localhost:3000/_next/static/chunks/0r9g_next_dist_0gdr-x8._.js:2431
[ 9510188ms] [LOG] [Fast Refresh] rebuilding @ http://localhost:3000/_next/static/chunks/0r9g_next_dist_0gdr-x8._.js:2431
[ 9510351ms] [LOG] [Fast Refresh] done in 61ms @ http://localhost:3000/_next/static/chunks/0r9g_next_dist_0gdr-x8._.js:2431
[ 9780055ms] [LOG] [Fast Refresh] rebuilding @ http://localhost:3000/_next/static/chunks/0r9g_next_dist_0gdr-x8._.js:2431
[ 9780190ms] [INFO] %cDownload the React DevTools for a better development experience: https://react.dev/link/react-devtools font-weight:bold @ http://localhost:3000/_next/static/chunks/0r9g_next_dist_0gdr-x8._.js:2431
[ 9780220ms] [LOG] [HMR] connected @ http://localhost:3000/_next/static/chunks/0r9g_next_dist_0gdr-x8._.js:2431
